<?xml version="1.0" encoding="UTF-8"?>
<testsuite xmlns:xsi="http://www.w3.org/2001/XMLSchema-instance" xsi:noNamespaceSchemaLocation="https://maven.apache.org/surefire/maven-surefire-plugin/xsd/surefire-test-report-3.0.xsd" version="3.0" name="TestSuite" time="21.873" tests="6" errors="0" skipped="0" failures="0">
  <properties>
    <property name="java.specification.version" value="21"/>
    <property name="sun.cpu.isalist" value="amd64"/>
    <property name="sun.jnu.encoding" value="Cp1252"/>
    <property name="java.class.path" value="C:\Users\vikas.kumar5\HybridFramework\HybridAutomationFramework\target\test-classes;C:\Users\vikas.kumar5\HybridFramework\HybridAutomationFramework\target\classes;C:\Users\vikas.kumar5\.m2\repository\org\testng\testng\6.11\testng-6.11.jar;C:\Users\vikas.kumar5\.m2\repository\com\beust\jcommander\1.64\jcommander-1.64.jar;C:\Users\vikas.kumar5\.m2\repository\org\yaml\snakeyaml\1.17\snakeyaml-1.17.jar;C:\Users\vikas.kumar5\.m2\repository\com\jayway\jsonpath\json-path\2.6.0\json-path-2.6.0.jar;C:\Users\vikas.kumar5\.m2\repository\net\minidev\json-smart\2.4.7\json-smart-2.4.7.jar;C:\Users\vikas.kumar5\.m2\repository\net\minidev\accessors-smart\2.4.7\accessors-smart-2.4.7.jar;C:\Users\vikas.kumar5\.m2\repository\org\ow2\asm\asm\9.1\asm-9.1.jar;C:\Users\vikas.kumar5\.m2\repository\org\slf4j\slf4j-api\1.7.30\slf4j-api-1.7.30.jar;C:\Users\vikas.kumar5\.m2\repository\log4j\log4j\1.2.17\log4j-1.2.17.jar;C:\Users\vikas.kumar5\.m2\repository\javax\mail\mail\1.4.7\mail-1.4.7.jar;C:\Users\vikas.kumar5\.m2\repository\javax\activation\activation\1.1\activation-1.1.jar;C:\Users\vikas.kumar5\.m2\repository\org\json\json\20180813\json-20180813.jar;C:\Users\vikas.kumar5\.m2\repository\com\aventstack\extentreports\5.0.1\extentreports-5.0.1.jar;C:\Users\vikas.kumar5\.m2\repository\io\reactivex\rxjava3\rxjava\3.0.4\rxjava-3.0.4.jar;C:\Users\vikas.kumar5\.m2\repository\org\reactivestreams\reactive-streams\1.0.3\reactive-streams-1.0.3.jar;C:\Users\vikas.kumar5\.m2\repository\org\freemarker\freemarker\2.3.30\freemarker-2.3.30.jar;C:\Users\vikas.kumar5\.m2\repository\com\github\mwiede\jsch\0.1.61\jsch-0.1.61.jar;C:\Users\vikas.kumar5\.m2\repository\mysql\mysql-connector-java\8.0.18\mysql-connector-java-8.0.18.jar;C:\Users\vikas.kumar5\.m2\repository\com\google\protobuf\protobuf-java\3.6.1\protobuf-java-3.6.1.jar;C:\Users\vikas.kumar5\.m2\repository\io\rest-assured\rest-assured\5.0.0\rest-assured-5.0.0.jar;C:\Users\vikas.kumar5\.m2\repository\org\apache\groovy\groovy\4.0.1\groovy-4.0.1.jar;C:\Users\vikas.kumar5\.m2\repository\org\apache\groovy\groovy-xml\4.0.1\groovy-xml-4.0.1.jar;C:\Users\vikas.kumar5\.m2\repository\org\apache\httpcomponents\httpclient\4.5.13\httpclient-4.5.13.jar;C:\Users\vikas.kumar5\.m2\repository\org\apache\httpcomponents\httpcore\4.4.13\httpcore-4.4.13.jar;C:\Users\vikas.kumar5\.m2\repository\commons-codec\commons-codec\1.11\commons-codec-1.11.jar;C:\Users\vikas.kumar5\.m2\repository\org\apache\httpcomponents\httpmime\4.5.13\httpmime-4.5.13.jar;C:\Users\vikas.kumar5\.m2\repository\org\hamcrest\hamcrest\2.1\hamcrest-2.1.jar;C:\Users\vikas.kumar5\.m2\repository\org\ccil\cowan\tagsoup\tagsoup\1.2.1\tagsoup-1.2.1.jar;C:\Users\vikas.kumar5\.m2\repository\io\rest-assured\json-path\5.0.0\json-path-5.0.0.jar;C:\Users\vikas.kumar5\.m2\repository\org\apache\groovy\groovy-json\4.0.1\groovy-json-4.0.1.jar;C:\Users\vikas.kumar5\.m2\repository\io\rest-assured\rest-assured-common\5.0.0\rest-assured-common-5.0.0.jar;C:\Users\vikas.kumar5\.m2\repository\io\rest-assured\xml-path\5.0.0\xml-path-5.0.0.jar;C:\Users\vikas.kumar5\.m2\repository\commons-configuration\commons-configuration\1.9\commons-configuration-1.9.jar;C:\Users\vikas.kumar5\.m2\repository\commons-lang\commons-lang\2.6\commons-lang-2.6.jar;C:\Users\vikas.kumar5\.m2\repository\commons-logging\commons-logging\1.1.1\commons-logging-1.1.1.jar;C:\Users\vikas.kumar5\.m2\repository\org\jboss\aerogear\aerogear-otp-java\1.0.0\aerogear-otp-java-1.0.0.jar;C:\Users\vikas.kumar5\.m2\repository\org\projectlombok\lombok\1.18.30\lombok-1.18.30.jar;C:\Users\vikas.kumar5\.m2\repository\net\datafaker\datafaker\1.3.0\datafaker-1.3.0.jar;C:\Users\vikas.kumar5\.m2\repository\com\github\mifmif\generex\1.0.2\generex-1.0.2.jar;C:\Users\vikas.kumar5\.m2\repository\dk\brics\automaton\automaton\1.11-8\automaton-1.11-8.jar;C:\Users\vikas.kumar5\.m2\repository\com\fasterxml\jackson\core\jackson-databind\2.16.1\jackson-databind-2.16.1.jar;C:\Users\vikas.kumar5\.m2\repository\com\fasterxml\jackson\core\jackson-annotations\2.16.1\jackson-annotations-2.16.1.jar;C:\Users\vikas.kumar5\.m2\repository\com\fasterxml\jackson\core\jackson-core\2.16.1\jackson-core-2.16.1.jar;C:\Users\vikas.kumar5\.m2\repository\com\google\code\gson\gson\2.10.1\gson-2.10.1.jar;C:\Users\vikas.kumar5\.m2\repository\org\apache\commons\commons-lang3\3.12.0\commons-lang3-3.12.0.jar;C:\Users\vikas.kumar5\.m2\repository\com\auth0\java-jwt\4.4.0\java-jwt-4.4.0.jar;"/>
    <property name="java.vm.vendor" value="Oracle Corporation"/>
    <property name="sun.arch.data.model" value="64"/>
    <property name="user.variant" value=""/>
    <property name="java.vendor.url" value="https://java.oracle.com/"/>
    <property name="user.timezone" value="Asia/Calcutta"/>
    <property name="os.name" value="Windows 10"/>
    <property name="java.vm.specification.version" value="21"/>
    <property name="sun.java.launcher" value="SUN_STANDARD"/>
    <property name="user.country" value="US"/>
    <property name="sun.boot.library.path" value="C:\Program Files\Java\jdk-21\bin"/>
    <property name="sun.java.command" value="C:\Users\vikas.kumar5\AppData\Local\Temp\surefire18235980992966910730\surefirebooter-20250531215247244_3.jar C:\Users\vikas.kumar5\AppData\Local\Temp\surefire18235980992966910730 2025-05-31T21-52-46_783-jvmRun1 surefire-20250531215247244_1tmp surefire_0-20250531215247244_2tmp"/>
    <property name="jdk.debug" value="release"/>
    <property name="surefire.test.class.path" value="C:\Users\vikas.kumar5\HybridFramework\HybridAutomationFramework\target\test-classes;C:\Users\vikas.kumar5\HybridFramework\HybridAutomationFramework\target\classes;C:\Users\vikas.kumar5\.m2\repository\org\testng\testng\6.11\testng-6.11.jar;C:\Users\vikas.kumar5\.m2\repository\com\beust\jcommander\1.64\jcommander-1.64.jar;C:\Users\vikas.kumar5\.m2\repository\org\yaml\snakeyaml\1.17\snakeyaml-1.17.jar;C:\Users\vikas.kumar5\.m2\repository\com\jayway\jsonpath\json-path\2.6.0\json-path-2.6.0.jar;C:\Users\vikas.kumar5\.m2\repository\net\minidev\json-smart\2.4.7\json-smart-2.4.7.jar;C:\Users\vikas.kumar5\.m2\repository\net\minidev\accessors-smart\2.4.7\accessors-smart-2.4.7.jar;C:\Users\vikas.kumar5\.m2\repository\org\ow2\asm\asm\9.1\asm-9.1.jar;C:\Users\vikas.kumar5\.m2\repository\org\slf4j\slf4j-api\1.7.30\slf4j-api-1.7.30.jar;C:\Users\vikas.kumar5\.m2\repository\log4j\log4j\1.2.17\log4j-1.2.17.jar;C:\Users\vikas.kumar5\.m2\repository\javax\mail\mail\1.4.7\mail-1.4.7.jar;C:\Users\vikas.kumar5\.m2\repository\javax\activation\activation\1.1\activation-1.1.jar;C:\Users\vikas.kumar5\.m2\repository\org\json\json\20180813\json-20180813.jar;C:\Users\vikas.kumar5\.m2\repository\com\aventstack\extentreports\5.0.1\extentreports-5.0.1.jar;C:\Users\vikas.kumar5\.m2\repository\io\reactivex\rxjava3\rxjava\3.0.4\rxjava-3.0.4.jar;C:\Users\vikas.kumar5\.m2\repository\org\reactivestreams\reactive-streams\1.0.3\reactive-streams-1.0.3.jar;C:\Users\vikas.kumar5\.m2\repository\org\freemarker\freemarker\2.3.30\freemarker-2.3.30.jar;C:\Users\vikas.kumar5\.m2\repository\com\github\mwiede\jsch\0.1.61\jsch-0.1.61.jar;C:\Users\vikas.kumar5\.m2\repository\mysql\mysql-connector-java\8.0.18\mysql-connector-java-8.0.18.jar;C:\Users\vikas.kumar5\.m2\repository\com\google\protobuf\protobuf-java\3.6.1\protobuf-java-3.6.1.jar;C:\Users\vikas.kumar5\.m2\repository\io\rest-assured\rest-assured\5.0.0\rest-assured-5.0.0.jar;C:\Users\vikas.kumar5\.m2\repository\org\apache\groovy\groovy\4.0.1\groovy-4.0.1.jar;C:\Users\vikas.kumar5\.m2\repository\org\apache\groovy\groovy-xml\4.0.1\groovy-xml-4.0.1.jar;C:\Users\vikas.kumar5\.m2\repository\org\apache\httpcomponents\httpclient\4.5.13\httpclient-4.5.13.jar;C:\Users\vikas.kumar5\.m2\repository\org\apache\httpcomponents\httpcore\4.4.13\httpcore-4.4.13.jar;C:\Users\vikas.kumar5\.m2\repository\commons-codec\commons-codec\1.11\commons-codec-1.11.jar;C:\Users\vikas.kumar5\.m2\repository\org\apache\httpcomponents\httpmime\4.5.13\httpmime-4.5.13.jar;C:\Users\vikas.kumar5\.m2\repository\org\hamcrest\hamcrest\2.1\hamcrest-2.1.jar;C:\Users\vikas.kumar5\.m2\repository\org\ccil\cowan\tagsoup\tagsoup\1.2.1\tagsoup-1.2.1.jar;C:\Users\vikas.kumar5\.m2\repository\io\rest-assured\json-path\5.0.0\json-path-5.0.0.jar;C:\Users\vikas.kumar5\.m2\repository\org\apache\groovy\groovy-json\4.0.1\groovy-json-4.0.1.jar;C:\Users\vikas.kumar5\.m2\repository\io\rest-assured\rest-assured-common\5.0.0\rest-assured-common-5.0.0.jar;C:\Users\vikas.kumar5\.m2\repository\io\rest-assured\xml-path\5.0.0\xml-path-5.0.0.jar;C:\Users\vikas.kumar5\.m2\repository\commons-configuration\commons-configuration\1.9\commons-configuration-1.9.jar;C:\Users\vikas.kumar5\.m2\repository\commons-lang\commons-lang\2.6\commons-lang-2.6.jar;C:\Users\vikas.kumar5\.m2\repository\commons-logging\commons-logging\1.1.1\commons-logging-1.1.1.jar;C:\Users\vikas.kumar5\.m2\repository\org\jboss\aerogear\aerogear-otp-java\1.0.0\aerogear-otp-java-1.0.0.jar;C:\Users\vikas.kumar5\.m2\repository\org\projectlombok\lombok\1.18.30\lombok-1.18.30.jar;C:\Users\vikas.kumar5\.m2\repository\net\datafaker\datafaker\1.3.0\datafaker-1.3.0.jar;C:\Users\vikas.kumar5\.m2\repository\com\github\mifmif\generex\1.0.2\generex-1.0.2.jar;C:\Users\vikas.kumar5\.m2\repository\dk\brics\automaton\automaton\1.11-8\automaton-1.11-8.jar;C:\Users\vikas.kumar5\.m2\repository\com\fasterxml\jackson\core\jackson-databind\2.16.1\jackson-databind-2.16.1.jar;C:\Users\vikas.kumar5\.m2\repository\com\fasterxml\jackson\core\jackson-annotations\2.16.1\jackson-annotations-2.16.1.jar;C:\Users\vikas.kumar5\.m2\repository\com\fasterxml\jackson\core\jackson-core\2.16.1\jackson-core-2.16.1.jar;C:\Users\vikas.kumar5\.m2\repository\com\google\code\gson\gson\2.10.1\gson-2.10.1.jar;C:\Users\vikas.kumar5\.m2\repository\org\apache\commons\commons-lang3\3.12.0\commons-lang3-3.12.0.jar;C:\Users\vikas.kumar5\.m2\repository\com\auth0\java-jwt\4.4.0\java-jwt-4.4.0.jar;"/>
    <property name="sun.cpu.endian" value="little"/>
    <property name="user.home" value="C:\Users\vikas.kumar5"/>
    <property name="user.language" value="en"/>
    <property name="java.specification.vendor" value="Oracle Corporation"/>
    <property name="java.version.date" value="2024-04-16"/>
    <property name="java.home" value="C:\Program Files\Java\jdk-21"/>
    <property name="file.separator" value="\"/>
    <property name="basedir" value="C:\Users\vikas.kumar5\HybridFramework\HybridAutomationFramework"/>
    <property name="java.vm.compressedOopsMode" value="32-bit"/>
    <property name="line.separator" value="&#10;"/>
    <property name="java.vm.specification.vendor" value="Oracle Corporation"/>
    <property name="java.specification.name" value="Java Platform API Specification"/>
    <property name="surefire.real.class.path" value="C:\Users\vikas.kumar5\AppData\Local\Temp\surefire18235980992966910730\surefirebooter-20250531215247244_3.jar"/>
    <property name="user.script" value=""/>
    <property name="sun.management.compiler" value="HotSpot 64-Bit Tiered Compilers"/>
    <property name="java.runtime.version" value="21.0.3+7-LTS-152"/>
    <property name="user.name" value="Vikas.Kumar5"/>
    <property name="stdout.encoding" value="Cp1252"/>
    <property name="path.separator" value=";"/>
    <property name="os.version" value="10.0"/>
    <property name="java.runtime.name" value="Java(TM) SE Runtime Environment"/>
    <property name="file.encoding" value="UTF-8"/>
    <property name="java.vm.name" value="Java HotSpot(TM) 64-Bit Server VM"/>
    <property name="localRepository" value="C:\Users\vikas.kumar5\.m2\repository"/>
    <property name="java.vendor.url.bug" value="https://bugreport.java.com/bugreport/"/>
    <property name="java.io.tmpdir" value="C:\Users\VIKAS~1.KUM\AppData\Local\Temp\"/>
    <property name="java.version" value="21.0.3"/>
    <property name="user.dir" value="C:\Users\vikas.kumar5\HybridFramework\HybridAutomationFramework"/>
    <property name="os.arch" value="amd64"/>
    <property name="java.vm.specification.name" value="Java Virtual Machine Specification"/>
    <property name="sun.os.patch.level" value=""/>
    <property name="native.encoding" value="Cp1252"/>
    <property name="java.library.path" value="C:\Program Files\Java\jdk-21\bin;C:\Windows\Sun\Java\bin;C:\Windows\system32;C:\Windows;C:\Program Files\Common Files\Oracle\Java\javapath;C:\Windows\system32;C:\Windows;C:\Windows\System32\Wbem;C:\Windows\System32\WindowsPowerShell\v1.0\;C:\Windows\System32\OpenSSH\;C:\Program Files\dotnet\;C:\Program Files\WindowsPowerShell\Scripts;C:\Program Files\Java\jdk-21\\bin;C:\Program Files\Apache\apache-maven-3.9.0-bin\apache-maven-3.9.0\bin;C:\Program Files (x86)\Groovy\bin;C:\Program Files\nodejs\;C:\Program Files (x86)\PuTTY\;C:\Users\vikas.kumar5\AppData\Local\Microsoft\WindowsApps;C:\Users\vikas.kumar5\AppData\Local\Programs\Git\cmd;C:\Program Files\JetBrains\IntelliJ IDEA Community Edition 2023.1.2\bin;;C:\Users\vikas.kumar5\AppData\Roaming\npm;C:\Users\vikas.kumar5\AppData\Local\Programs\Microsoft VS Code\bin;."/>
    <property name="java.vm.info" value="mixed mode, sharing"/>
    <property name="stderr.encoding" value="Cp1252"/>
    <property name="java.vendor" value="Oracle Corporation"/>
    <property name="java.vm.version" value="21.0.3+7-LTS-152"/>
    <property name="sun.io.unicode.encoding" value="UnicodeLittle"/>
    <property name="java.class.version" value="65.0"/>
  </properties>
  <testcase name="createTcNewUserTest[public void abound.apitests.UserTests.createTcNewUserTest(java.lang.reflect.Method)](1)" classname="abound.apitests.UserTests" time="11.007">
    <system-out><![CDATA[Mobile number generated is --->+18156977363
UserSignupTcRequest(mobileNumber=+18156977363)
UserSignupTcResponse{messageId= 'a351e488-117c-420c-8fa2-4a0dd8eb8c1d' ,  success = 'true'}
]]></system-out>
    <system-err><![CDATA[log4j:WARN No appenders could be found for logger (org.apache.http.impl.conn.BasicClientConnectionManager).
log4j:WARN Please initialize the log4j system properly.
log4j:WARN See http://logging.apache.org/log4j/1.2/faq.html#noconfig for more info.
]]></system-err>
  </testcase>
  <testcase name="userOtpTest[public void abound.apitests.UserOtpVerifyTests.userOtpTest(java.lang.reflect.Method)](1)" classname="abound.apitests.UserOtpVerifyTests" time="1.544">
    <system-out><![CDATA[UserOtpTcRequest(messageId=a351e488-117c-420c-8fa2-4a0dd8eb8c1d, mobileNumber=+18156977363, otp=123456, verifyOtpLogin=LOGIN)
UserOtpTcResponse{message= 'Mobile number verified' ,  token = '1956a2516740b92a93bc87e3246de48f:cee84a8f178e26db272a7e63a1974c88:ba3f2adea47b86b0d408de3f7e4d922c'}
]]></system-out>
  </testcase>
  <testcase name="createPublicTokenTest[public void abound.apitests.TokenCreateAndBankAdd.createPublicTokenTest(java.lang.reflect.Method)](1)" classname="abound.apitests.TokenCreateAndBankAdd" time="3.719">
    <system-out><![CDATA[PublicTokenCreateResponse{publicToken='public-sandbox-02cbe668-281c-4db0-97bb-b5901b06acb2', requestId='IE1U3dE4ZtJ6JBx'}
]]></system-out>
  </testcase>
  <testcase name="addBankForUser[public void abound.apitests.TokenCreateAndBankAdd.addBankForUser(java.lang.reflect.Method) throws com.fasterxml.jackson.core.JsonProcessingException](1)" classname="abound.apitests.TokenCreateAndBankAdd" time="2.022">
    <system-out><![CDATA[BankAddConflictResponse{message='There were conflicts while adding the account. Please check the status after sometime', details=[], isRewarded=false, isPending=true, bankAddRequestId='7a94bb0c-8606-41cf-8091-c13e56cc4240', success=true}
]]></system-out>
  </testcase>
  <testcase name="createLinkTokenTest[public void abound.apitests.NeobankLinkTokenTest.createLinkTokenTest(java.lang.reflect.Method)](1)" classname="abound.apitests.NeobankLinkTokenTest" time="1.505">
    <system-out><![CDATA[LinkTokenResponse{linkToken='null', expiration='null', requestId='586612024ee59464', bankAddType='null', accountsPending=false, pendingBanks='null', jwtToken='eyJhbGciOiJIUzI1NiJ9.eyJpYXQiOjE3NDg3MDg1ODYsImV4cCI6MTc0ODc5NDk4Niwic3ViIjoiZDZjY2I0ZmItYmRhOS00YjhkLTgwNTgtNmNkNzQ1ODM4Y2I2IiwicmVmcmVzaFRva2VuIjoiNGZjZmRmYjMxNmYwOGU3NTBkYzRkMmZlOGY1NzMxZDEiLCJ1c2VyU2lnblVwU3RhdHVzIjoiUkVHSVNURVJFRCIsImxheWVyMk1pZ3JhdGlvblJlcXVpcmVkIjpmYWxzZSwiYmxvY2tlZEZsb3dzIjpbIkdFVF9BQ0NPVU5UX0RFVEFJTFMiLCJHRVRfVVNFUl9ERVRBSUxTIiwiQklPTUVUUklDIiwiR0VUX0NBUkRfREVUQUlMUyIsIlVQREFURV9DQVJEX0RFVEFJTFMiLCJDUkVBVEVfU0hJUE1FTlQiLCJHRVRfU1RBVEVNRU5UUyIsIkNBUkRfQ1JFQVRJT04iLCJVUERBVEVfVVNFUl9ERVRBSUxTIiwiS1lDIiwiU1RBVElDX0RBVEEiLCJDQVNIX09VVCIsIlVQSSIsIklOSVRJQVRFX0FDSCIsIlJFTUlUVEFOQ0UiLCJBQ0NPVU5UX0NSRUFUSU9OIiwiV0VCSE9PSyIsIkdFVF9UUkFOU0FDVElPTlMiLCJTRVNTSU9OIiwiT05CT0FSRElORyJdLCJzZXNzaW9uSWQiOiJmNDI5MmJmZi00YjI0LTQyYjMtYmQ4Mi1lMTc5MjdlNjZkODciLCJlbGl0ZU1lbWJlciI6ZmFsc2UsIndhbGxldENhc2hiYWNrUmVkZW1wdGlvbkFsbG93ZWQiOmZhbHNlfQ.T7Rb6fyD712Q-iHex_eztXLnYFTPRzgUK2g58mcrWns', ssoToken='null', isUserSignedUp=false, userOptedInRemittance=false, userOptedInBanking=false, kycApproved=false, success=true}
]]></system-out>
  </testcase>
  <testcase name="neobankUserLoginTest[public void abound.apitests.NeobankUserLoginTest.neobankUserLoginTest(java.lang.reflect.Method)](1)" classname="abound.apitests.NeobankUserLoginTest" time="0.817">
    <system-out><![CDATA[UserLoginOnNeobankResponse(requestId=null, messageId=null, userSignUpStatus=null, userType=null, newUserLogin=false, layer2MigrationRequired=false, success=false)
]]></system-out>
  </testcase>
</testsuite>