<?xml version="1.0" encoding="UTF-8"?>
<!-- Generated by org.testng.reporters.JUnitReportReporter -->
<testsuite hostname="TILLT-kzl8K15Uj" failures="0" tests="1" name="abound.apitests.NeobankUserLoginTest" time="0.830" errors="0" timestamp="31 May 2025 16:23:09 GMT" skipped="0">
  <testcase classname="abound.apitests.NeobankUserLoginTest" name="neobankUserLoginTest" time="0.830"/>
</testsuite> <!-- abound.apitests.NeobankUserLoginTest -->
