<?xml version="1.0" encoding="UTF-8"?>
<!-- Generated by org.testng.reporters.JUnitReportReporter -->
<testsuite hostname="TILLT-kzl8K15Uj" failures="0" tests="2" name="abound.apitests.TokenCreateAndBankAdd" time="5.023" errors="0" timestamp="23 May 2025 19:54:46 GMT" skipped="0">
  <testcase classname="abound.apitests.TokenCreateAndBankAdd" name="addBankForUser" time="2.057"/>
  <testcase classname="abound.apitests.TokenCreateAndBankAdd" name="createPublicTokenTest" time="2.966"/>
</testsuite> <!-- abound.apitests.TokenCreateAndBankAdd -->
