<?xml version="1.0" encoding="UTF-8"?>
<!-- Generated by org.testng.reporters.JUnitReportReporter -->
<testsuite hostname="TILLT-kzl8K15Uj" failures="0" tests="2" name="abound.apitests.TokenCreateAndBankAdd" time="9.434" errors="0" timestamp="24 May 2025 08:34:41 GMT" skipped="0">
  <testcase classname="abound.apitests.TokenCreateAndBankAdd" name="createPublicTokenTest" time="6.258"/>
  <testcase classname="abound.apitests.TokenCreateAndBankAdd" name="addBankForUser" time="3.176"/>
</testsuite> <!-- abound.apitests.TokenCreateAndBankAdd -->
