<?xml version="1.0" encoding="UTF-8"?>
<!-- Generated by org.testng.reporters.JUnitReportReporter -->
<testsuite hostname="TILLT-kzl8K15Uj" failures="0" tests="1" name="abound.apitests.NeobankLinkTokenTest" time="1.897" errors="0" timestamp="26 May 2025 16:03:35 GMT" skipped="0">
  <testcase classname="abound.apitests.NeobankLinkTokenTest" name="createLinkTokenTest" time="1.897"/>
</testsuite> <!-- abound.apitests.NeobankLinkTokenTest -->
