<?xml version="1.0" encoding="UTF-8"?>
<!-- Generated by org.testng.reporters.JUnitReportReporter -->
<testsuite hostname="TILLT-kzl8K15Uj" failures="0" tests="1" name="abound.apitests.NeobankUserLoginTest" time="1.003" errors="0" timestamp="23 May 2025 19:54:46 GMT" skipped="0">
  <testcase classname="abound.apitests.NeobankUserLoginTest" name="neobankUserLoginTest" time="1.003"/>
</testsuite> <!-- abound.apitests.NeobankUserLoginTest -->
