<?xml version="1.0" encoding="UTF-8"?>
<!-- Generated by org.testng.reporters.JUnitReportReporter -->
<testsuite hostname="TILLT-kzl8K15Uj" failures="0" tests="2" name="abound.apitests.TokenCreateAndBankAdd" time="6.660" errors="0" timestamp="24 May 2025 07:38:19 GMT" skipped="0">
  <testcase classname="abound.apitests.TokenCreateAndBankAdd" name="addBankForUser" time="2.965"/>
  <testcase classname="abound.apitests.TokenCreateAndBankAdd" name="createPublicTokenTest" time="3.695"/>
</testsuite> <!-- abound.apitests.TokenCreateAndBankAdd -->
