<?xml version="1.0" encoding="UTF-8"?>
<!-- Generated by org.testng.reporters.JUnitReportReporter -->
<testsuite hostname="TILLT-kzl8K15Uj" failures="0" tests="1" name="abound.apitests.NeobankUserLoginTest" time="4.002" errors="0" timestamp="24 May 2025 07:38:19 GMT" skipped="0">
  <testcase classname="abound.apitests.NeobankUserLoginTest" name="neobankUserLoginTest" time="4.002"/>
</testsuite> <!-- abound.apitests.NeobankUserLoginTest -->
