<?xml version="1.0" encoding="UTF-8"?>
<!-- Generated by org.testng.reporters.JUnitReportReporter -->
<testsuite hostname="TILLT-kzl8K15Uj" failures="0" tests="1" name="abound.apitests.UserOtpVerifyTests" time="1.380" errors="0" timestamp="24 May 2025 07:45:51 GMT" skipped="0">
  <testcase classname="abound.apitests.UserOtpVerifyTests" name="userOtpTest" time="1.380"/>
</testsuite> <!-- abound.apitests.UserOtpVerifyTests -->
