<?xml version="1.0" encoding="UTF-8"?>
<!-- Generated by org.testng.reporters.JUnitReportReporter -->
<testsuite hostname="TILLT-kzl8K15Uj" failures="0" tests="2" name="abound.apitests.TokenCreateAndBankAdd" time="5.781" errors="0" timestamp="31 May 2025 16:23:09 GMT" skipped="0">
  <testcase classname="abound.apitests.TokenCreateAndBankAdd" name="createPublicTokenTest" time="3.733"/>
  <testcase classname="abound.apitests.TokenCreateAndBankAdd" name="addBankForUser" time="2.048"/>
</testsuite> <!-- abound.apitests.TokenCreateAndBankAdd -->
