<?xml version="1.0" encoding="UTF-8"?>
<!-- Generated by org.testng.reporters.JUnitReportReporter -->
<testsuite hostname="TILLT-kzl8K15Uj" failures="0" tests="2" name="abound.apitests.TokenCreateAndBankAdd" time="8.723" errors="0" timestamp="26 May 2025 16:03:35 GMT" skipped="0">
  <testcase classname="abound.apitests.TokenCreateAndBankAdd" name="addBankForUser" time="2.567"/>
  <testcase classname="abound.apitests.TokenCreateAndBankAdd" name="createPublicTokenTest" time="6.156"/>
</testsuite> <!-- abound.apitests.TokenCreateAndBankAdd -->
