<?xml version="1.0" encoding="UTF-8"?>
<!-- Generated by org.testng.reporters.JUnitReportReporter -->
<testsuite hostname="TILLT-kzl8K15Uj" failures="0" tests="1" name="abound.apitests.UserTests" time="11.355" errors="0" timestamp="31 May 2025 16:23:09 GMT" skipped="0">
  <testcase classname="abound.apitests.UserTests" name="createTcNewUserTest" time="11.355"/>
</testsuite> <!-- abound.apitests.UserTests -->
