<?xml version="1.0" encoding="UTF-8"?>
<!-- Generated by org.testng.reporters.JUnitReportReporter -->
<testsuite hostname="TILLT-kzl8K15Uj" failures="0" tests="1" name="abound.apitests.NeobankUserLoginTest" time="3.202" errors="0" timestamp="26 May 2025 16:03:35 GMT" skipped="0">
  <testcase classname="abound.apitests.NeobankUserLoginTest" name="neobankUserLoginTest" time="3.202"/>
</testsuite> <!-- abound.apitests.NeobankUserLoginTest -->
